# JRE version: OpenJDK Runtime Environment (11.0.10+9) (build 11.0.10+9-Ubuntu-0ubuntu1.20.04)
# Java VM: OpenJDK 64-Bit Server VM (11.0.10+9-Ubuntu-0ubuntu1.20.04, mixed mode, sharing, tiered, compressed oops, parallel gc, linux-amd64)
Heap:
 PSYoungGen      total 22528K, used 15035K [0x00000000eab00000, 0x00000000ec780000, 0x0000000100000000)
  eden space 21504K, 66% used [0x00000000eab00000,0x00000000eb911b98,0x00000000ec000000)
  from space 1024K, 61% used [0x00000000ec000000,0x00000000ec09d148,0x00000000ec100000)
  to   space 2560K, 0% used [0x00000000ec500000,0x00000000ec500000,0x00000000ec780000)
 ParOldGen       total 68608K, used 30572K [0x00000000c0000000, 0x00000000c4300000, 0x00000000eab00000)
  object space 68608K, 44% used [0x00000000c0000000,0x00000000c1ddb298,0x00000000c4300000)
 Metaspace       used 33012K, capacity 34772K, committed 35200K, reserved 1081344K
  class space    used 3007K, capacity 3639K, committed 3712K, reserved 1048576K
GC Heap History (20 events):
Event: 4.054 GC heap before
{Heap before GC invocations=5 (full 1):
 PSYoungGen      total 29696K, used 25600K [0x00000000eab00000, 0x00000000ecc00000, 0x0000000100000000)
  eden space 25600K, 100% used [0x00000000eab00000,0x00000000ec400000,0x00000000ec400000)
  from space 4096K, 0% used [0x00000000ec400000,0x00000000ec400000,0x00000000ec800000)
  to   space 4096K, 0% used [0x00000000ec800000,0x00000000ec800000,0x00000000ecc00000)
 ParOldGen       total 68608K, used 8388K [0x00000000c0000000, 0x00000000c4300000, 0x00000000eab00000)
  object space 68608K, 12% used [0x00000000c0000000,0x00000000c0831200,0x00000000c4300000)
 Metaspace       used 22410K, capacity 24038K, committed 24448K, reserved 1071104K
  class space    used 2231K, capacity 2837K, committed 2944K, reserved 1048576K
}
Event: 4.058 GC heap after
{Heap after GC invocations=5 (full 1):
 PSYoungGen      total 29696K, used 2542K [0x00000000eab00000, 0x00000000ecc00000, 0x0000000100000000)
  eden space 25600K, 0% used [0x00000000eab00000,0x00000000eab00000,0x00000000ec400000)
  from space 4096K, 62% used [0x00000000ec800000,0x00000000eca7bbe0,0x00000000ecc00000)
  to   space 4096K, 0% used [0x00000000ec400000,0x00000000ec400000,0x00000000ec800000)
 ParOldGen       total 68608K, used 8396K [0x00000000c0000000, 0x00000000c4300000, 0x00000000eab00000)
  object space 68608K, 12% used [0x00000000c0000000,0x00000000c0833200,0x00000000c4300000)
 Metaspace       used 22410K, capacity 24038K, committed 24448K, reserved 1071104K
  class space    used 2231K, capacity 2837K, committed 2944K, reserved 1048576K
}
Event: 4.157 GC heap before
{Heap before GC invocations=6 (full 1):
 PSYoungGen      total 29696K, used 28142K [0x00000000eab00000, 0x00000000ecc00000, 0x0000000100000000)
  eden space 25600K, 100% used [0x00000000eab00000,0x00000000ec400000,0x00000000ec400000)
  from space 4096K, 62% used [0x00000000ec800000,0x00000000eca7bbe0,0x00000000ecc00000)
  to   space 4096K, 0% used [0x00000000ec400000,0x00000000ec400000,0x00000000ec800000)
 ParOldGen       total 68608K, used 8396K [0x00000000c0000000, 0x00000000c4300000, 0x00000000eab00000)
  object space 68608K, 12% used [0x00000000c0000000,0x00000000c0833200,0x00000000c4300000)
 Metaspace       used 22503K, capacity 24103K, committed 24448K, reserved 1071104K
  class space    used 2235K, capacity 2837K, committed 2944K, reserved 1048576K
}
Event: 4.164 GC heap after
{Heap after GC invocations=6 (full 1):
 PSYoungGen      total 29184K, used 4094K [0x00000000eab00000, 0x00000000ece80000, 0x0000000100000000)
  eden space 25088K, 0% used [0x00000000eab00000,0x00000000eab00000,0x00000000ec380000)
  from space 4096K, 99% used [0x00000000ec400000,0x00000000ec7ffbd0,0x00000000ec800000)
  to   space 5632K, 0% used [0x00000000ec900000,0x00000000ec900000,0x00000000ece80000)
 ParOldGen       total 68608K, used 9113K [0x00000000c0000000, 0x00000000c4300000, 0x00000000eab00000)
  object space 68608K, 13% used [0x00000000c0000000,0x00000000c08e6568,0x00000000c4300000)
 Metaspace       used 22503K, capacity 24103K, committed 24448K, reserved 1071104K
  class space    used 2235K, capacity 2837K, committed 2944K, reserved 1048576K
}
Event: 4.250 GC heap before
{Heap before GC invocations=7 (full 1):
 PSYoungGen      total 29184K, used 29182K [0x00000000eab00000, 0x00000000ece80000, 0x0000000100000000)
  eden space 25088K, 100% used [0x00000000eab00000,0x00000000ec380000,0x00000000ec380000)
  from space 4096K, 99% used [0x00000000ec400000,0x00000000ec7ffbd0,0x00000000ec800000)
  to   space 5632K, 0% used [0x00000000ec900000,0x00000000ec900000,0x00000000ece80000)
 ParOldGen       total 68608K, used 9113K [0x00000000c0000000, 0x00000000c4300000, 0x00000000eab00000)
  object space 68608K, 13% used [0x00000000c0000000,0x00000000c08e6568,0x00000000c4300000)
 Metaspace       used 22600K, capacity 24167K, committed 24448K, reserved 1071104K
  class space    used 2239K, capacity 2837K, committed 2944K, reserved 1048576K
}
Event: 4.268 GC heap after
{Heap after GC invocations=7 (full 1):
 PSYoungGen      total 29184K, used 5614K [0x00000000eab00000, 0x00000000ed100000, 0x0000000100000000)
  eden space 23552K, 0% used [0x00000000eab00000,0x00000000eab00000,0x00000000ec200000)
  from space 5632K, 99% used [0x00000000ec900000,0x00000000ece7b848,0x00000000ece80000)
  to   space 7168K, 0% used [0x00000000ec200000,0x00000000ec200000,0x00000000ec900000)
 ParOldGen       total 68608K, used 9905K [0x00000000c0000000, 0x00000000c4300000, 0x00000000eab00000)
  object space 68608K, 14% used [0x00000000c0000000,0x00000000c09ac588,0x00000000c4300000)
 Metaspace       used 22600K, capacity 24167K, committed 24448K, reserved 1071104K
  class space    used 2239K, capacity 2837K, committed 2944K, reserved 1048576K
}
Event: 4.343 GC heap before
{Heap before GC invocations=8 (full 1):
 PSYoungGen      total 29184K, used 29166K [0x00000000eab00000, 0x00000000ed100000, 0x0000000100000000)
  eden space 23552K, 100% used [0x00000000eab00000,0x00000000ec200000,0x00000000ec200000)
  from space 5632K, 99% used [0x00000000ec900000,0x00000000ece7b848,0x00000000ece80000)
  to   space 7168K, 0% used [0x00000000ec200000,0x00000000ec200000,0x00000000ec900000)
 ParOldGen       total 68608K, used 9905K [0x00000000c0000000, 0x00000000c4300000, 0x00000000eab00000)
  object space 68608K, 14% used [0x00000000c0000000,0x00000000c09ac588,0x00000000c4300000)
 Metaspace       used 22680K, capacity 24263K, committed 24448K, reserved 1071104K
  class space    used 2250K, capacity 2869K, committed 2944K, reserved 1048576K
}
Event: 4.362 GC heap after
{Heap after GC invocations=8 (full 1):
 PSYoungGen      total 30208K, used 7163K [0x00000000eab00000, 0x00000000ed380000, 0x0000000100000000)
  eden space 23040K, 0% used [0x00000000eab00000,0x00000000eab00000,0x00000000ec180000)
  from space 7168K, 99% used [0x00000000ec200000,0x00000000ec8fed30,0x00000000ec900000)
  to   space 9216K, 0% used [0x00000000eca80000,0x00000000eca80000,0x00000000ed380000)
 ParOldGen       total 68608K, used 11061K [0x00000000c0000000, 0x00000000c4300000, 0x00000000eab00000)
  object space 68608K, 16% used [0x00000000c0000000,0x00000000c0acd770,0x00000000c4300000)
 Metaspace       used 22680K, capacity 24263K, committed 24448K, reserved 1071104K
  class space    used 2250K, capacity 2869K, committed 2944K, reserved 1048576K
}
Event: 4.406 GC heap before
{Heap before GC invocations=9 (full 1):
 PSYoungGen      total 30208K, used 30203K [0x00000000eab00000, 0x00000000ed380000, 0x0000000100000000)
  eden space 23040K, 100% used [0x00000000eab00000,0x00000000ec180000,0x00000000ec180000)
  from space 7168K, 99% used [0x00000000ec200000,0x00000000ec8fed30,0x00000000ec900000)
  to   space 9216K, 0% used [0x00000000eca80000,0x00000000eca80000,0x00000000ed380000)
 ParOldGen       total 68608K, used 11061K [0x00000000c0000000, 0x00000000c4300000, 0x00000000eab00000)
  object space 68608K, 16% used [0x00000000c0000000,0x00000000c0acd770,0x00000000c4300000)
 Metaspace       used 22681K, capacity 24263K, committed 24448K, reserved 1071104K
  class space    used 2250K, capacity 2869K, committed 2944K, reserved 1048576K
}
Event: 4.420 GC heap after
{Heap after GC invocations=9 (full 1):
 PSYoungGen      total 30720K, used 8178K [0x00000000eab00000, 0x00000000ed280000, 0x0000000100000000)
  eden space 22528K, 0% used [0x00000000eab00000,0x00000000eab00000,0x00000000ec100000)
  from space 8192K, 99% used [0x00000000eca80000,0x00000000ed27cb28,0x00000000ed280000)
  to   space 8704K, 0% used [0x00000000ec180000,0x00000000ec180000,0x00000000eca00000)
 ParOldGen       total 68608K, used 12580K [0x00000000c0000000, 0x00000000c4300000, 0x00000000eab00000)
  object space 68608K, 18% used [0x00000000c0000000,0x00000000c0c49330,0x00000000c4300000)
 Metaspace       used 22681K, capacity 24263K, committed 24448K, reserved 1071104K
  class space    used 2250K, capacity 2869K, committed 2944K, reserved 1048576K
}
Event: 4.598 GC heap before
{Heap before GC invocations=10 (full 1):
 PSYoungGen      total 30720K, used 30695K [0x00000000eab00000, 0x00000000ed280000, 0x0000000100000000)
  eden space 22528K, 99% used [0x00000000eab00000,0x00000000ec0fd208,0x00000000ec100000)
  from space 8192K, 99% used [0x00000000eca80000,0x00000000ed27cb28,0x00000000ed280000)
  to   space 8704K, 0% used [0x00000000ec180000,0x00000000ec180000,0x00000000eca00000)
 ParOldGen       total 68608K, used 12580K [0x00000000c0000000, 0x00000000c4300000, 0x00000000eab00000)
  object space 68608K, 18% used [0x00000000c0000000,0x00000000c0c49330,0x00000000c4300000)
 Metaspace       used 22784K, capacity 24497K, committed 24704K, reserved 1071104K
  class space    used 2258K, capacity 2904K, committed 2944K, reserved 1048576K
}
Event: 4.624 GC heap after
{Heap after GC invocations=10 (full 1):
 PSYoungGen      total 29696K, used 7296K [0x00000000eab00000, 0x00000000ecf80000, 0x0000000100000000)
  eden space 22016K, 0% used [0x00000000eab00000,0x00000000eab00000,0x00000000ec080000)
  from space 7680K, 95% used [0x00000000ec180000,0x00000000ec8a0010,0x00000000ec900000)
  to   space 6656K, 0% used [0x00000000ec900000,0x00000000ec900000,0x00000000ecf80000)
 ParOldGen       total 68608K, used 16319K [0x00000000c0000000, 0x00000000c4300000, 0x00000000eab00000)
  object space 68608K, 23% used [0x00000000c0000000,0x00000000c0fefe48,0x00000000c4300000)
 Metaspace       used 22784K, capacity 24497K, committed 24704K, reserved 1071104K
  class space    used 2258K, capacity 2904K, committed 2944K, reserved 1048576K
}
Event: 5.439 GC heap before
{Heap before GC invocations=11 (full 1):
 PSYoungGen      total 29696K, used 29294K [0x00000000eab00000, 0x00000000ecf80000, 0x0000000100000000)
  eden space 22016K, 99% used [0x00000000eab00000,0x00000000ec07ba70,0x00000000ec080000)
  from space 7680K, 95% used [0x00000000ec180000,0x00000000ec8a0010,0x00000000ec900000)
  to   space 6656K, 0% used [0x00000000ec900000,0x00000000ec900000,0x00000000ecf80000)
 ParOldGen       total 68608K, used 16319K [0x00000000c0000000, 0x00000000c4300000, 0x00000000eab00000)
  object space 68608K, 23% used [0x00000000c0000000,0x00000000c0fefe48,0x00000000c4300000)
 Metaspace       used 26441K, capacity 28171K, committed 28544K, reserved 1075200K
  class space    used 2575K, capacity 3148K, committed 3200K, reserved 1048576K
}
Event: 5.495 GC heap after
{Heap after GC invocations=11 (full 1):
 PSYoungGen      total 26112K, used 4016K [0x00000000eab00000, 0x00000000ecd00000, 0x0000000100000000)
  eden space 22016K, 0% used [0x00000000eab00000,0x00000000eab00000,0x00000000ec080000)
  from space 4096K, 98% used [0x00000000ec900000,0x00000000eccec080,0x00000000ecd00000)
  to   space 5632K, 0% used [0x00000000ec200000,0x00000000ec200000,0x00000000ec780000)
 ParOldGen       total 68608K, used 20780K [0x00000000c0000000, 0x00000000c4300000, 0x00000000eab00000)
  object space 68608K, 30% used [0x00000000c0000000,0x00000000c144b0d0,0x00000000c4300000)
 Metaspace       used 26441K, capacity 28171K, committed 28544K, reserved 1075200K
  class space    used 2575K, capacity 3148K, committed 3200K, reserved 1048576K
}
Event: 5.786 GC heap before
{Heap before GC invocations=12 (full 1):
 PSYoungGen      total 26112K, used 26022K [0x00000000eab00000, 0x00000000ecd00000, 0x0000000100000000)
  eden space 22016K, 99% used [0x00000000eab00000,0x00000000ec07d7a0,0x00000000ec080000)
  from space 4096K, 98% used [0x00000000ec900000,0x00000000eccec080,0x00000000ecd00000)
  to   space 5632K, 0% used [0x00000000ec200000,0x00000000ec200000,0x00000000ec780000)
 ParOldGen       total 68608K, used 20780K [0x00000000c0000000, 0x00000000c4300000, 0x00000000eab00000)
  object space 68608K, 30% used [0x00000000c0000000,0x00000000c144b0d0,0x00000000c4300000)
 Metaspace       used 27744K, capacity 29622K, committed 29952K, reserved 1075200K
  class space    used 2656K, capacity 3291K, committed 3328K, reserved 1048576K
}
Event: 5.795 GC heap after
{Heap after GC invocations=12 (full 1):
 PSYoungGen      total 23040K, used 896K [0x00000000eab00000, 0x00000000ec980000, 0x0000000100000000)
  eden space 22016K, 0% used [0x00000000eab00000,0x00000000eab00000,0x00000000ec080000)
  from space 1024K, 87% used [0x00000000ec200000,0x00000000ec2e0000,0x00000000ec300000)
  to   space 2560K, 0% used [0x00000000ec700000,0x00000000ec700000,0x00000000ec980000)
 ParOldGen       total 68608K, used 24700K [0x00000000c0000000, 0x00000000c4300000, 0x00000000eab00000)
  object space 68608K, 36% used [0x00000000c0000000,0x00000000c181f290,0x00000000c4300000)
 Metaspace       used 27744K, capacity 29622K, committed 29952K, reserved 1075200K
  class space    used 2656K, capacity 3291K, committed 3328K, reserved 1048576K
}
Event: 6.852 GC heap before
{Heap before GC invocations=13 (full 1):
 PSYoungGen      total 23040K, used 22912K [0x00000000eab00000, 0x00000000ec980000, 0x0000000100000000)
  eden space 22016K, 100% used [0x00000000eab00000,0x00000000ec080000,0x00000000ec080000)
  from space 1024K, 87% used [0x00000000ec200000,0x00000000ec2e0000,0x00000000ec300000)
  to   space 2560K, 0% used [0x00000000ec700000,0x00000000ec700000,0x00000000ec980000)
 ParOldGen       total 68608K, used 24700K [0x00000000c0000000, 0x00000000c4300000, 0x00000000eab00000)
  object space 68608K, 36% used [0x00000000c0000000,0x00000000c181f290,0x00000000c4300000)
 Metaspace       used 31890K, capacity 33809K, committed 34176K, reserved 1079296K
  class space    used 2951K, capacity 3598K, committed 3712K, reserved 1048576K
}
Event: 6.884 GC heap after
{Heap after GC invocations=13 (full 1):
 PSYoungGen      total 24064K, used 2540K [0x00000000eab00000, 0x00000000ece80000, 0x0000000100000000)
  eden space 21504K, 0% used [0x00000000eab00000,0x00000000eab00000,0x00000000ec000000)
  from space 2560K, 99% used [0x00000000ec700000,0x00000000ec97b248,0x00000000ec980000)
  to   space 7168K, 0% used [0x00000000ec000000,0x00000000ec000000,0x00000000ec700000)
 ParOldGen       total 68608K, used 28009K [0x00000000c0000000, 0x00000000c4300000, 0x00000000eab00000)
  object space 68608K, 40% used [0x00000000c0000000,0x00000000c1b5a590,0x00000000c4300000)
 Metaspace       used 31890K, capacity 33809K, committed 34176K, reserved 1079296K
  class space    used 2951K, capacity 3598K, committed 3712K, reserved 1048576K
}
Event: 2573.875 GC heap before
{Heap before GC invocations=14 (full 1):
 PSYoungGen      total 24064K, used 24044K [0x00000000eab00000, 0x00000000ece80000, 0x0000000100000000)
  eden space 21504K, 100% used [0x00000000eab00000,0x00000000ec000000,0x00000000ec000000)
  from space 2560K, 99% used [0x00000000ec700000,0x00000000ec97b248,0x00000000ec980000)
  to   space 7168K, 0% used [0x00000000ec000000,0x00000000ec000000,0x00000000ec700000)
 ParOldGen       total 68608K, used 28009K [0x00000000c0000000, 0x00000000c4300000, 0x00000000eab00000)
  object space 68608K, 40% used [0x00000000c0000000,0x00000000c1b5a590,0x00000000c4300000)
 Metaspace       used 32932K, capacity 34703K, committed 35200K, reserved 1081344K
  class space    used 3007K, capacity 3639K, committed 3712K, reserved 1048576K
}
Event: 2573.898 GC heap after
{Heap after GC invocations=14 (full 1):
 PSYoungGen      total 22528K, used 628K [0x00000000eab00000, 0x00000000ec780000, 0x0000000100000000)
  eden space 21504K, 0% used [0x00000000eab00000,0x00000000eab00000,0x00000000ec000000)
  from space 1024K, 61% used [0x00000000ec000000,0x00000000ec09d148,0x00000000ec100000)
  to   space 2560K, 0% used [0x00000000ec500000,0x00000000ec500000,0x00000000ec780000)
 ParOldGen       total 68608K, used 30572K [0x00000000c0000000, 0x00000000c4300000, 0x00000000eab00000)
  object space 68608K, 44% used [0x00000000c0000000,0x00000000c1ddb298,0x00000000c4300000)
 Metaspace       used 32932K, capacity 34703K, committed 35200K, reserved 1081344K
  class space    used 3007K, capacity 3639K, committed 3712K, reserved 1048576K
}

