# JRE version: OpenJDK Runtime Environment (11.0.10+9) (build 11.0.10+9-Ubuntu-0ubuntu1.20.04)
# Java VM: OpenJDK 64-Bit Server VM (11.0.10+9-Ubuntu-0ubuntu1.20.04, mixed mode, sharing, tiered, compressed oops, parallel gc, linux-amd64)
Heap:
 PSYoungGen      total 3584K, used 2622K [0x00000000eab00000, 0x00000000eb000000, 0x0000000100000000)
  eden space 2560K, 66% used [0x00000000eab00000,0x00000000eaca7980,0x00000000ead80000)
  from space 1024K, 90% used [0x00000000ead80000,0x00000000eae68000,0x00000000eae80000)
  to   space 1024K, 0% used [0x00000000eaf00000,0x00000000eaf00000,0x00000000eb000000)
 ParOldGen       total 157696K, used 106997K [0x00000000c0000000, 0x00000000c9a00000, 0x00000000eab00000)
  object space 157696K, 67% used [0x00000000c0000000,0x00000000c687d430,0x00000000c9a00000)
 Metaspace       used 73274K, capacity 76869K, committed 77656K, reserved 1118208K
  class space    used 6861K, capacity 8096K, committed 8280K, reserved 1048576K
GC Heap History (20 events):
Event: 7740.537 GC heap before
{Heap before GC invocations=1290 (full 28):
 PSYoungGen      total 2048K, used 1696K [0x00000000eab00000, 0x00000000eae80000, 0x0000000100000000)
  eden space 1024K, 98% used [0x00000000eab00000,0x00000000eabfcf38,0x00000000eac00000)
  from space 1024K, 66% used [0x00000000eac00000,0x00000000eacab198,0x00000000ead00000)
  to   space 1024K, 0% used [0x00000000ead80000,0x00000000ead80000,0x00000000eae80000)
 ParOldGen       total 157696K, used 101029K [0x00000000c0000000, 0x00000000c9a00000, 0x00000000eab00000)
  object space 157696K, 64% used [0x00000000c0000000,0x00000000c62a9438,0x00000000c9a00000)
 Metaspace       used 73274K, capacity 76869K, committed 77656K, reserved 1118208K
  class space    used 6861K, capacity 8096K, committed 8280K, reserved 1048576K
}
Event: 7740.539 GC heap after
{Heap after GC invocations=1290 (full 28):
 PSYoungGen      total 2560K, used 480K [0x00000000eab00000, 0x00000000eae80000, 0x0000000100000000)
  eden space 1536K, 0% used [0x00000000eab00000,0x00000000eab00000,0x00000000eac80000)
  from space 1024K, 46% used [0x00000000ead80000,0x00000000eadf8000,0x00000000eae80000)
  to   space 1024K, 0% used [0x00000000eac80000,0x00000000eac80000,0x00000000ead80000)
 ParOldGen       total 157696K, used 101667K [0x00000000c0000000, 0x00000000c9a00000, 0x00000000eab00000)
  object space 157696K, 64% used [0x00000000c0000000,0x00000000c6348ee0,0x00000000c9a00000)
 Metaspace       used 73274K, capacity 76869K, committed 77656K, reserved 1118208K
  class space    used 6861K, capacity 8096K, committed 8280K, reserved 1048576K
}
Event: 7740.545 GC heap before
{Heap before GC invocations=1291 (full 28):
 PSYoungGen      total 2560K, used 2016K [0x00000000eab00000, 0x00000000eae80000, 0x0000000100000000)
  eden space 1536K, 100% used [0x00000000eab00000,0x00000000eac80000,0x00000000eac80000)
  from space 1024K, 46% used [0x00000000ead80000,0x00000000eadf8000,0x00000000eae80000)
  to   space 1024K, 0% used [0x00000000eac80000,0x00000000eac80000,0x00000000ead80000)
 ParOldGen       total 157696K, used 101667K [0x00000000c0000000, 0x00000000c9a00000, 0x00000000eab00000)
  object space 157696K, 64% used [0x00000000c0000000,0x00000000c6348ee0,0x00000000c9a00000)
 Metaspace       used 73274K, capacity 76869K, committed 77656K, reserved 1118208K
  class space    used 6861K, capacity 8096K, committed 8280K, reserved 1048576K
}
Event: 7740.547 GC heap after
{Heap after GC invocations=1291 (full 28):
 PSYoungGen      total 2560K, used 672K [0x00000000eab00000, 0x00000000eaf00000, 0x0000000100000000)
  eden space 1536K, 0% used [0x00000000eab00000,0x00000000eab00000,0x00000000eac80000)
  from space 1024K, 65% used [0x00000000eac80000,0x00000000ead28000,0x00000000ead80000)
  to   space 1024K, 0% used [0x00000000eae00000,0x00000000eae00000,0x00000000eaf00000)
 ParOldGen       total 157696K, used 102019K [0x00000000c0000000, 0x00000000c9a00000, 0x00000000eab00000)
  object space 157696K, 64% used [0x00000000c0000000,0x00000000c63a0ee0,0x00000000c9a00000)
 Metaspace       used 73274K, capacity 76869K, committed 77656K, reserved 1118208K
  class space    used 6861K, capacity 8096K, committed 8280K, reserved 1048576K
}
Event: 7740.551 GC heap before
{Heap before GC invocations=1292 (full 28):
 PSYoungGen      total 2560K, used 2208K [0x00000000eab00000, 0x00000000eaf00000, 0x0000000100000000)
  eden space 1536K, 100% used [0x00000000eab00000,0x00000000eac80000,0x00000000eac80000)
  from space 1024K, 65% used [0x00000000eac80000,0x00000000ead28000,0x00000000ead80000)
  to   space 1024K, 0% used [0x00000000eae00000,0x00000000eae00000,0x00000000eaf00000)
 ParOldGen       total 157696K, used 102019K [0x00000000c0000000, 0x00000000c9a00000, 0x00000000eab00000)
  object space 157696K, 64% used [0x00000000c0000000,0x00000000c63a0ee0,0x00000000c9a00000)
 Metaspace       used 73274K, capacity 76869K, committed 77656K, reserved 1118208K
  class space    used 6861K, capacity 8096K, committed 8280K, reserved 1048576K
}
Event: 7740.553 GC heap after
{Heap after GC invocations=1292 (full 28):
 PSYoungGen      total 3072K, used 608K [0x00000000eab00000, 0x00000000eaf00000, 0x0000000100000000)
  eden space 2048K, 0% used [0x00000000eab00000,0x00000000eab00000,0x00000000ead00000)
  from space 1024K, 59% used [0x00000000eae00000,0x00000000eae98000,0x00000000eaf00000)
  to   space 1024K, 0% used [0x00000000ead00000,0x00000000ead00000,0x00000000eae00000)
 ParOldGen       total 157696K, used 102611K [0x00000000c0000000, 0x00000000c9a00000, 0x00000000eab00000)
  object space 157696K, 65% used [0x00000000c0000000,0x00000000c6434ee0,0x00000000c9a00000)
 Metaspace       used 73274K, capacity 76869K, committed 77656K, reserved 1118208K
  class space    used 6861K, capacity 8096K, committed 8280K, reserved 1048576K
}
Event: 7740.561 GC heap before
{Heap before GC invocations=1293 (full 28):
 PSYoungGen      total 3072K, used 2656K [0x00000000eab00000, 0x00000000eaf00000, 0x0000000100000000)
  eden space 2048K, 100% used [0x00000000eab00000,0x00000000ead00000,0x00000000ead00000)
  from space 1024K, 59% used [0x00000000eae00000,0x00000000eae98000,0x00000000eaf00000)
  to   space 1024K, 0% used [0x00000000ead00000,0x00000000ead00000,0x00000000eae00000)
 ParOldGen       total 157696K, used 102611K [0x00000000c0000000, 0x00000000c9a00000, 0x00000000eab00000)
  object space 157696K, 65% used [0x00000000c0000000,0x00000000c6434ee0,0x00000000c9a00000)
 Metaspace       used 73274K, capacity 76869K, committed 77656K, reserved 1118208K
  class space    used 6861K, capacity 8096K, committed 8280K, reserved 1048576K
}
Event: 7740.563 GC heap after
{Heap after GC invocations=1293 (full 28):
 PSYoungGen      total 3072K, used 736K [0x00000000eab00000, 0x00000000eaf80000, 0x0000000100000000)
  eden space 2048K, 0% used [0x00000000eab00000,0x00000000eab00000,0x00000000ead00000)
  from space 1024K, 71% used [0x00000000ead00000,0x00000000eadb8000,0x00000000eae00000)
  to   space 1024K, 0% used [0x00000000eae80000,0x00000000eae80000,0x00000000eaf80000)
 ParOldGen       total 157696K, used 103011K [0x00000000c0000000, 0x00000000c9a00000, 0x00000000eab00000)
  object space 157696K, 65% used [0x00000000c0000000,0x00000000c6498f00,0x00000000c9a00000)
 Metaspace       used 73274K, capacity 76869K, committed 77656K, reserved 1118208K
  class space    used 6861K, capacity 8096K, committed 8280K, reserved 1048576K
}
Event: 7740.568 GC heap before
{Heap before GC invocations=1294 (full 28):
 PSYoungGen      total 3072K, used 2784K [0x00000000eab00000, 0x00000000eaf80000, 0x0000000100000000)
  eden space 2048K, 100% used [0x00000000eab00000,0x00000000ead00000,0x00000000ead00000)
  from space 1024K, 71% used [0x00000000ead00000,0x00000000eadb8000,0x00000000eae00000)
  to   space 1024K, 0% used [0x00000000eae80000,0x00000000eae80000,0x00000000eaf80000)
 ParOldGen       total 157696K, used 103011K [0x00000000c0000000, 0x00000000c9a00000, 0x00000000eab00000)
  object space 157696K, 65% used [0x00000000c0000000,0x00000000c6498f00,0x00000000c9a00000)
 Metaspace       used 73274K, capacity 76869K, committed 77656K, reserved 1118208K
  class space    used 6861K, capacity 8096K, committed 8280K, reserved 1048576K
}
Event: 7740.571 GC heap after
{Heap after GC invocations=1294 (full 28):
 PSYoungGen      total 2560K, used 1006K [0x00000000eab00000, 0x00000000eb180000, 0x0000000100000000)
  eden space 1536K, 0% used [0x00000000eab00000,0x00000000eab00000,0x00000000eac80000)
  from space 1024K, 98% used [0x00000000eae80000,0x00000000eaf7ba20,0x00000000eaf80000)
  to   space 2048K, 0% used [0x00000000eac80000,0x00000000eac80000,0x00000000eae80000)
 ParOldGen       total 157696K, used 103705K [0x00000000c0000000, 0x00000000c9a00000, 0x00000000eab00000)
  object space 157696K, 65% used [0x00000000c0000000,0x00000000c6546460,0x00000000c9a00000)
 Metaspace       used 73274K, capacity 76869K, committed 77656K, reserved 1118208K
  class space    used 6861K, capacity 8096K, committed 8280K, reserved 1048576K
}
Event: 7740.576 GC heap before
{Heap before GC invocations=1295 (full 28):
 PSYoungGen      total 2560K, used 2542K [0x00000000eab00000, 0x00000000eb180000, 0x0000000100000000)
  eden space 1536K, 100% used [0x00000000eab00000,0x00000000eac80000,0x00000000eac80000)
  from space 1024K, 98% used [0x00000000eae80000,0x00000000eaf7ba20,0x00000000eaf80000)
  to   space 2048K, 0% used [0x00000000eac80000,0x00000000eac80000,0x00000000eae80000)
 ParOldGen       total 157696K, used 103705K [0x00000000c0000000, 0x00000000c9a00000, 0x00000000eab00000)
  object space 157696K, 65% used [0x00000000c0000000,0x00000000c6546460,0x00000000c9a00000)
 Metaspace       used 73274K, capacity 76869K, committed 77656K, reserved 1118208K
  class space    used 6861K, capacity 8096K, committed 8280K, reserved 1048576K
}
Event: 7740.578 GC heap after
{Heap after GC invocations=1295 (full 28):
 PSYoungGen      total 2048K, used 480K [0x00000000eab00000, 0x00000000eaf00000, 0x0000000100000000)
  eden space 1536K, 0% used [0x00000000eab00000,0x00000000eab00000,0x00000000eac80000)
  from space 512K, 93% used [0x00000000eac80000,0x00000000eacf8000,0x00000000ead00000)
  to   space 1024K, 0% used [0x00000000eae00000,0x00000000eae00000,0x00000000eaf00000)
 ParOldGen       total 157696K, used 104667K [0x00000000c0000000, 0x00000000c9a00000, 0x00000000eab00000)
  object space 157696K, 66% used [0x00000000c0000000,0x00000000c6636f08,0x00000000c9a00000)
 Metaspace       used 73274K, capacity 76869K, committed 77656K, reserved 1118208K
  class space    used 6861K, capacity 8096K, committed 8280K, reserved 1048576K
}
Event: 7740.582 GC heap before
{Heap before GC invocations=1296 (full 28):
 PSYoungGen      total 2048K, used 2016K [0x00000000eab00000, 0x00000000eaf00000, 0x0000000100000000)
  eden space 1536K, 100% used [0x00000000eab00000,0x00000000eac80000,0x00000000eac80000)
  from space 512K, 93% used [0x00000000eac80000,0x00000000eacf8000,0x00000000ead00000)
  to   space 1024K, 0% used [0x00000000eae00000,0x00000000eae00000,0x00000000eaf00000)
 ParOldGen       total 157696K, used 104667K [0x00000000c0000000, 0x00000000c9a00000, 0x00000000eab00000)
  object space 157696K, 66% used [0x00000000c0000000,0x00000000c6636f08,0x00000000c9a00000)
 Metaspace       used 73274K, capacity 76869K, committed 77656K, reserved 1118208K
  class space    used 6861K, capacity 8096K, committed 8280K, reserved 1048576K
}
Event: 7740.584 GC heap after
{Heap after GC invocations=1296 (full 28):
 PSYoungGen      total 3072K, used 494K [0x00000000eab00000, 0x00000000eaf00000, 0x0000000100000000)
  eden space 2048K, 0% used [0x00000000eab00000,0x00000000eab00000,0x00000000ead00000)
  from space 1024K, 48% used [0x00000000eae00000,0x00000000eae7ba20,0x00000000eaf00000)
  to   space 1024K, 0% used [0x00000000ead00000,0x00000000ead00000,0x00000000eae00000)
 ParOldGen       total 157696K, used 105087K [0x00000000c0000000, 0x00000000c9a00000, 0x00000000eab00000)
  object space 157696K, 66% used [0x00000000c0000000,0x00000000c669ff18,0x00000000c9a00000)
 Metaspace       used 73274K, capacity 76869K, committed 77656K, reserved 1118208K
  class space    used 6861K, capacity 8096K, committed 8280K, reserved 1048576K
}
Event: 7740.590 GC heap before
{Heap before GC invocations=1297 (full 28):
 PSYoungGen      total 3072K, used 2542K [0x00000000eab00000, 0x00000000eaf00000, 0x0000000100000000)
  eden space 2048K, 100% used [0x00000000eab00000,0x00000000ead00000,0x00000000ead00000)
  from space 1024K, 48% used [0x00000000eae00000,0x00000000eae7ba20,0x00000000eaf00000)
  to   space 1024K, 0% used [0x00000000ead00000,0x00000000ead00000,0x00000000eae00000)
 ParOldGen       total 157696K, used 105087K [0x00000000c0000000, 0x00000000c9a00000, 0x00000000eab00000)
  object space 157696K, 66% used [0x00000000c0000000,0x00000000c669ff18,0x00000000c9a00000)
 Metaspace       used 73274K, capacity 76869K, committed 77656K, reserved 1118208K
  class space    used 6861K, capacity 8096K, committed 8280K, reserved 1048576K
}
Event: 7740.591 GC heap after
{Heap after GC invocations=1297 (full 28):
 PSYoungGen      total 3072K, used 928K [0x00000000eab00000, 0x00000000eaf80000, 0x0000000100000000)
  eden space 2048K, 0% used [0x00000000eab00000,0x00000000eab00000,0x00000000ead00000)
  from space 1024K, 90% used [0x00000000ead00000,0x00000000eade8000,0x00000000eae00000)
  to   space 1024K, 0% used [0x00000000eae80000,0x00000000eae80000,0x00000000eaf80000)
 ParOldGen       total 157696K, used 105517K [0x00000000c0000000, 0x00000000c9a00000, 0x00000000eab00000)
  object space 157696K, 66% used [0x00000000c0000000,0x00000000c670b420,0x00000000c9a00000)
 Metaspace       used 73274K, capacity 76869K, committed 77656K, reserved 1118208K
  class space    used 6861K, capacity 8096K, committed 8280K, reserved 1048576K
}
Event: 7740.597 GC heap before
{Heap before GC invocations=1298 (full 28):
 PSYoungGen      total 3072K, used 2975K [0x00000000eab00000, 0x00000000eaf80000, 0x0000000100000000)
  eden space 2048K, 99% used [0x00000000eab00000,0x00000000eacfffd8,0x00000000ead00000)
  from space 1024K, 90% used [0x00000000ead00000,0x00000000eade8000,0x00000000eae00000)
  to   space 1024K, 0% used [0x00000000eae80000,0x00000000eae80000,0x00000000eaf80000)
 ParOldGen       total 157696K, used 105517K [0x00000000c0000000, 0x00000000c9a00000, 0x00000000eab00000)
  object space 157696K, 66% used [0x00000000c0000000,0x00000000c670b420,0x00000000c9a00000)
 Metaspace       used 73274K, capacity 76869K, committed 77656K, reserved 1118208K
  class space    used 6861K, capacity 8096K, committed 8280K, reserved 1048576K
}
Event: 7740.599 GC heap after
{Heap after GC invocations=1298 (full 28):
 PSYoungGen      total 3584K, used 832K [0x00000000eab00000, 0x00000000eaf80000, 0x0000000100000000)
  eden space 2560K, 0% used [0x00000000eab00000,0x00000000eab00000,0x00000000ead80000)
  from space 1024K, 81% used [0x00000000eae80000,0x00000000eaf50000,0x00000000eaf80000)
  to   space 1024K, 0% used [0x00000000ead80000,0x00000000ead80000,0x00000000eae80000)
 ParOldGen       total 157696K, used 106397K [0x00000000c0000000, 0x00000000c9a00000, 0x00000000eab00000)
  object space 157696K, 67% used [0x00000000c0000000,0x00000000c67e7420,0x00000000c9a00000)
 Metaspace       used 73274K, capacity 76869K, committed 77656K, reserved 1118208K
  class space    used 6861K, capacity 8096K, committed 8280K, reserved 1048576K
}
Event: 7740.608 GC heap before
{Heap before GC invocations=1299 (full 28):
 PSYoungGen      total 3584K, used 3392K [0x00000000eab00000, 0x00000000eaf80000, 0x0000000100000000)
  eden space 2560K, 100% used [0x00000000eab00000,0x00000000ead80000,0x00000000ead80000)
  from space 1024K, 81% used [0x00000000eae80000,0x00000000eaf50000,0x00000000eaf80000)
  to   space 1024K, 0% used [0x00000000ead80000,0x00000000ead80000,0x00000000eae80000)
 ParOldGen       total 157696K, used 106397K [0x00000000c0000000, 0x00000000c9a00000, 0x00000000eab00000)
  object space 157696K, 67% used [0x00000000c0000000,0x00000000c67e7420,0x00000000c9a00000)
 Metaspace       used 73274K, capacity 76869K, committed 77656K, reserved 1118208K
  class space    used 6861K, capacity 8096K, committed 8280K, reserved 1048576K
}
Event: 7740.610 GC heap after
{Heap after GC invocations=1299 (full 28):
 PSYoungGen      total 3584K, used 928K [0x00000000eab00000, 0x00000000eb000000, 0x0000000100000000)
  eden space 2560K, 0% used [0x00000000eab00000,0x00000000eab00000,0x00000000ead80000)
  from space 1024K, 90% used [0x00000000ead80000,0x00000000eae68000,0x00000000eae80000)
  to   space 1024K, 0% used [0x00000000eaf00000,0x00000000eaf00000,0x00000000eb000000)
 ParOldGen       total 157696K, used 106997K [0x00000000c0000000, 0x00000000c9a00000, 0x00000000eab00000)
  object space 157696K, 67% used [0x00000000c0000000,0x00000000c687d430,0x00000000c9a00000)
 Metaspace       used 73274K, capacity 76869K, committed 77656K, reserved 1118208K
  class space    used 6861K, capacity 8096K, committed 8280K, reserved 1048576K
}

